WARNING - 2026-03-10 01:59:00 --> [DEPRECATED] Passing lowercase HTTP method "patch" is deprecated. Use uppercase HTTP method like "PATCH". in SYSTEMPATH\Router\RouteCollection.php on line 1026.
 1 SYSTEMPATH\Router\RouteCollection.php(1026): trigger_error('Passing lowercase HTTP method "patch" is deprecated. Use uppercase HTTP method like "PATCH".', 16384)
 2 APPPATH\Config\Routes.php(78): CodeIgniter\Router\RouteCollection->match([...], '(:num)/approve', 'ResearchController::approve/$1', [...])
 3 SYSTEMPATH\Router\RouteCollection.php(799): CodeIgniter\Router\RouteCollection->{closure}(Object(CodeIgniter\Router\RouteCollection))
 4 APPPATH\Config\Routes.php(52): CodeIgniter\Router\RouteCollection->group('research', Object(Closure))
 5 SYSTEMPATH\Router\RouteCollection.php(339): require('C:\\xampp\\htdocs\\OJT2\\backend\\app\\Config\\Routes.php')
 6 SYSTEMPATH\Test\bootstrap.php(90): CodeIgniter\Router\RouteCollection->loadRoutes()
 7 VENDORPATH\phpunit\phpunit\src\TextUI\Application.php(337): include_once('C:\\xampp\\htdocs\\OJT2\\backend\\vendor\\codeigniter4\\framework\\system\\Test\\bootstrap.php')
 8 VENDORPATH\phpunit\phpunit\src\TextUI\Application.php(109): PHPUnit\TextUI\Application->loadBootstrapScript('C:\\xampp\\htdocs\\OJT2\\backend\\vendor/codeigniter4/framework/system/Test/bootstrap.php')
 9 VENDORPATH\phpunit\phpunit\phpunit(104): PHPUnit\TextUI\Application->run([...])
10 VENDORPATH\bin\phpunit(122): include('C:\\xampp\\htdocs\\OJT2\\backend\\vendor\\phpunit\\phpunit\\phpunit')
WARNING - 2026-03-10 01:59:00 --> [DEPRECATED] Passing lowercase HTTP method "post" is deprecated. Use uppercase HTTP method like "POST". in SYSTEMPATH\Router\RouteCollection.php on line 1026.
 1 SYSTEMPATH\Router\RouteCollection.php(1026): trigger_error('Passing lowercase HTTP method "post" is deprecated. Use uppercase HTTP method like "POST".', 16384)
 2 APPPATH\Config\Routes.php(78): CodeIgniter\Router\RouteCollection->match([...], '(:num)/approve', 'ResearchController::approve/$1', [...])
 3 SYSTEMPATH\Router\RouteCollection.php(799): CodeIgniter\Router\RouteCollection->{closure}(Object(CodeIgniter\Router\RouteCollection))
 4 APPPATH\Config\Routes.php(52): CodeIgniter\Router\RouteCollection->group('research', Object(Closure))
 5 SYSTEMPATH\Router\RouteCollection.php(339): require('C:\\xampp\\htdocs\\OJT2\\backend\\app\\Config\\Routes.php')
 6 SYSTEMPATH\Test\bootstrap.php(90): CodeIgniter\Router\RouteCollection->loadRoutes()
 7 VENDORPATH\phpunit\phpunit\src\TextUI\Application.php(337): include_once('C:\\xampp\\htdocs\\OJT2\\backend\\vendor\\codeigniter4\\framework\\system\\Test\\bootstrap.php')
 8 VENDORPATH\phpunit\phpunit\src\TextUI\Application.php(109): PHPUnit\TextUI\Application->loadBootstrapScript('C:\\xampp\\htdocs\\OJT2\\backend\\vendor/codeigniter4/framework/system/Test/bootstrap.php')
 9 VENDORPATH\phpunit\phpunit\phpunit(104): PHPUnit\TextUI\Application->run([...])
10 VENDORPATH\bin\phpunit(122): include('C:\\xampp\\htdocs\\OJT2\\backend\\vendor\\phpunit\\phpunit\\phpunit')
WARNING - 2026-03-10 01:59:00 --> [DEPRECATED] Passing lowercase HTTP method "patch" is deprecated. Use uppercase HTTP method like "PATCH". in SYSTEMPATH\Router\RouteCollection.php on line 1026.
 1 SYSTEMPATH\Router\RouteCollection.php(1026): trigger_error('Passing lowercase HTTP method "patch" is deprecated. Use uppercase HTTP method like "PATCH".', 16384)
 2 APPPATH\Config\Routes.php(79): CodeIgniter\Router\RouteCollection->match([...], '(:num)/reject', 'ResearchController::reject/$1', [...])
 3 SYSTEMPATH\Router\RouteCollection.php(799): CodeIgniter\Router\RouteCollection->{closure}(Object(CodeIgniter\Router\RouteCollection))
 4 APPPATH\Config\Routes.php(52): CodeIgniter\Router\RouteCollection->group('research', Object(Closure))
 5 SYSTEMPATH\Router\RouteCollection.php(339): require('C:\\xampp\\htdocs\\OJT2\\backend\\app\\Config\\Routes.php')
 6 SYSTEMPATH\Test\bootstrap.php(90): CodeIgniter\Router\RouteCollection->loadRoutes()
 7 VENDORPATH\phpunit\phpunit\src\TextUI\Application.php(337): include_once('C:\\xampp\\htdocs\\OJT2\\backend\\vendor\\codeigniter4\\framework\\system\\Test\\bootstrap.php')
 8 VENDORPATH\phpunit\phpunit\src\TextUI\Application.php(109): PHPUnit\TextUI\Application->loadBootstrapScript('C:\\xampp\\htdocs\\OJT2\\backend\\vendor/codeigniter4/framework/system/Test/bootstrap.php')
 9 VENDORPATH\phpunit\phpunit\phpunit(104): PHPUnit\TextUI\Application->run([...])
10 VENDORPATH\bin\phpunit(122): include('C:\\xampp\\htdocs\\OJT2\\backend\\vendor\\phpunit\\phpunit\\phpunit')
WARNING - 2026-03-10 01:59:00 --> [DEPRECATED] Passing lowercase HTTP method "post" is deprecated. Use uppercase HTTP method like "POST". in SYSTEMPATH\Router\RouteCollection.php on line 1026.
 1 SYSTEMPATH\Router\RouteCollection.php(1026): trigger_error('Passing lowercase HTTP method "post" is deprecated. Use uppercase HTTP method like "POST".', 16384)
 2 APPPATH\Config\Routes.php(79): CodeIgniter\Router\RouteCollection->match([...], '(:num)/reject', 'ResearchController::reject/$1', [...])
 3 SYSTEMPATH\Router\RouteCollection.php(799): CodeIgniter\Router\RouteCollection->{closure}(Object(CodeIgniter\Router\RouteCollection))
 4 APPPATH\Config\Routes.php(52): CodeIgniter\Router\RouteCollection->group('research', Object(Closure))
 5 SYSTEMPATH\Router\RouteCollection.php(339): require('C:\\xampp\\htdocs\\OJT2\\backend\\app\\Config\\Routes.php')
 6 SYSTEMPATH\Test\bootstrap.php(90): CodeIgniter\Router\RouteCollection->loadRoutes()
 7 VENDORPATH\phpunit\phpunit\src\TextUI\Application.php(337): include_once('C:\\xampp\\htdocs\\OJT2\\backend\\vendor\\codeigniter4\\framework\\system\\Test\\bootstrap.php')
 8 VENDORPATH\phpunit\phpunit\src\TextUI\Application.php(109): PHPUnit\TextUI\Application->loadBootstrapScript('C:\\xampp\\htdocs\\OJT2\\backend\\vendor/codeigniter4/framework/system/Test/bootstrap.php')
 9 VENDORPATH\phpunit\phpunit\phpunit(104): PHPUnit\TextUI\Application->run([...])
10 VENDORPATH\bin\phpunit(122): include('C:\\xampp\\htdocs\\OJT2\\backend\\vendor\\phpunit\\phpunit\\phpunit')
WARNING - 2026-03-10 01:59:00 --> [DEPRECATED] Passing lowercase HTTP method "patch" is deprecated. Use uppercase HTTP method like "PATCH". in SYSTEMPATH\Router\RouteCollection.php on line 1026.
 1 SYSTEMPATH\Router\RouteCollection.php(1026): trigger_error('Passing lowercase HTTP method "patch" is deprecated. Use uppercase HTTP method like "PATCH".', 16384)
 2 APPPATH\Config\Routes.php(80): CodeIgniter\Router\RouteCollection->match([...], '(:num)/archive', 'ResearchController::archive/$1', [...])
 3 SYSTEMPATH\Router\RouteCollection.php(799): CodeIgniter\Router\RouteCollection->{closure}(Object(CodeIgniter\Router\RouteCollection))
 4 APPPATH\Config\Routes.php(52): CodeIgniter\Router\RouteCollection->group('research', Object(Closure))
 5 SYSTEMPATH\Router\RouteCollection.php(339): require('C:\\xampp\\htdocs\\OJT2\\backend\\app\\Config\\Routes.php')
 6 SYSTEMPATH\Test\bootstrap.php(90): CodeIgniter\Router\RouteCollection->loadRoutes()
 7 VENDORPATH\phpunit\phpunit\src\TextUI\Application.php(337): include_once('C:\\xampp\\htdocs\\OJT2\\backend\\vendor\\codeigniter4\\framework\\system\\Test\\bootstrap.php')
 8 VENDORPATH\phpunit\phpunit\src\TextUI\Application.php(109): PHPUnit\TextUI\Application->loadBootstrapScript('C:\\xampp\\htdocs\\OJT2\\backend\\vendor/codeigniter4/framework/system/Test/bootstrap.php')
 9 VENDORPATH\phpunit\phpunit\phpunit(104): PHPUnit\TextUI\Application->run([...])
10 VENDORPATH\bin\phpunit(122): include('C:\\xampp\\htdocs\\OJT2\\backend\\vendor\\phpunit\\phpunit\\phpunit')
WARNING - 2026-03-10 01:59:00 --> [DEPRECATED] Passing lowercase HTTP method "post" is deprecated. Use uppercase HTTP method like "POST". in SYSTEMPATH\Router\RouteCollection.php on line 1026.
 1 SYSTEMPATH\Router\RouteCollection.php(1026): trigger_error('Passing lowercase HTTP method "post" is deprecated. Use uppercase HTTP method like "POST".', 16384)
 2 APPPATH\Config\Routes.php(80): CodeIgniter\Router\RouteCollection->match([...], '(:num)/archive', 'ResearchController::archive/$1', [...])
 3 SYSTEMPATH\Router\RouteCollection.php(799): CodeIgniter\Router\RouteCollection->{closure}(Object(CodeIgniter\Router\RouteCollection))
 4 APPPATH\Config\Routes.php(52): CodeIgniter\Router\RouteCollection->group('research', Object(Closure))
 5 SYSTEMPATH\Router\RouteCollection.php(339): require('C:\\xampp\\htdocs\\OJT2\\backend\\app\\Config\\Routes.php')
 6 SYSTEMPATH\Test\bootstrap.php(90): CodeIgniter\Router\RouteCollection->loadRoutes()
 7 VENDORPATH\phpunit\phpunit\src\TextUI\Application.php(337): include_once('C:\\xampp\\htdocs\\OJT2\\backend\\vendor\\codeigniter4\\framework\\system\\Test\\bootstrap.php')
 8 VENDORPATH\phpunit\phpunit\src\TextUI\Application.php(109): PHPUnit\TextUI\Application->loadBootstrapScript('C:\\xampp\\htdocs\\OJT2\\backend\\vendor/codeigniter4/framework/system/Test/bootstrap.php')
 9 VENDORPATH\phpunit\phpunit\phpunit(104): PHPUnit\TextUI\Application->run([...])
10 VENDORPATH\bin\phpunit(122): include('C:\\xampp\\htdocs\\OJT2\\backend\\vendor\\phpunit\\phpunit\\phpunit')
WARNING - 2026-03-10 01:59:00 --> [DEPRECATED] Passing lowercase HTTP method "patch" is deprecated. Use uppercase HTTP method like "PATCH". in SYSTEMPATH\Router\RouteCollection.php on line 1026.
 1 SYSTEMPATH\Router\RouteCollection.php(1026): trigger_error('Passing lowercase HTTP method "patch" is deprecated. Use uppercase HTTP method like "PATCH".', 16384)
 2 APPPATH\Config\Routes.php(81): CodeIgniter\Router\RouteCollection->match([...], '(:num)/restore', 'ResearchController::restore/$1', [...])
 3 SYSTEMPATH\Router\RouteCollection.php(799): CodeIgniter\Router\RouteCollection->{closure}(Object(CodeIgniter\Router\RouteCollection))
 4 APPPATH\Config\Routes.php(52): CodeIgniter\Router\RouteCollection->group('research', Object(Closure))
 5 SYSTEMPATH\Router\RouteCollection.php(339): require('C:\\xampp\\htdocs\\OJT2\\backend\\app\\Config\\Routes.php')
 6 SYSTEMPATH\Test\bootstrap.php(90): CodeIgniter\Router\RouteCollection->loadRoutes()
 7 VENDORPATH\phpunit\phpunit\src\TextUI\Application.php(337): include_once('C:\\xampp\\htdocs\\OJT2\\backend\\vendor\\codeigniter4\\framework\\system\\Test\\bootstrap.php')
 8 VENDORPATH\phpunit\phpunit\src\TextUI\Application.php(109): PHPUnit\TextUI\Application->loadBootstrapScript('C:\\xampp\\htdocs\\OJT2\\backend\\vendor/codeigniter4/framework/system/Test/bootstrap.php')
 9 VENDORPATH\phpunit\phpunit\phpunit(104): PHPUnit\TextUI\Application->run([...])
10 VENDORPATH\bin\phpunit(122): include('C:\\xampp\\htdocs\\OJT2\\backend\\vendor\\phpunit\\phpunit\\phpunit')
WARNING - 2026-03-10 01:59:00 --> [DEPRECATED] Passing lowercase HTTP method "post" is deprecated. Use uppercase HTTP method like "POST". in SYSTEMPATH\Router\RouteCollection.php on line 1026.
 1 SYSTEMPATH\Router\RouteCollection.php(1026): trigger_error('Passing lowercase HTTP method "post" is deprecated. Use uppercase HTTP method like "POST".', 16384)
 2 APPPATH\Config\Routes.php(81): CodeIgniter\Router\RouteCollection->match([...], '(:num)/restore', 'ResearchController::restore/$1', [...])
 3 SYSTEMPATH\Router\RouteCollection.php(799): CodeIgniter\Router\RouteCollection->{closure}(Object(CodeIgniter\Router\RouteCollection))
 4 APPPATH\Config\Routes.php(52): CodeIgniter\Router\RouteCollection->group('research', Object(Closure))
 5 SYSTEMPATH\Router\RouteCollection.php(339): require('C:\\xampp\\htdocs\\OJT2\\backend\\app\\Config\\Routes.php')
 6 SYSTEMPATH\Test\bootstrap.php(90): CodeIgniter\Router\RouteCollection->loadRoutes()
 7 VENDORPATH\phpunit\phpunit\src\TextUI\Application.php(337): include_once('C:\\xampp\\htdocs\\OJT2\\backend\\vendor\\codeigniter4\\framework\\system\\Test\\bootstrap.php')
 8 VENDORPATH\phpunit\phpunit\src\TextUI\Application.php(109): PHPUnit\TextUI\Application->loadBootstrapScript('C:\\xampp\\htdocs\\OJT2\\backend\\vendor/codeigniter4/framework/system/Test/bootstrap.php')
 9 VENDORPATH\phpunit\phpunit\phpunit(104): PHPUnit\TextUI\Application->run([...])
10 VENDORPATH\bin\phpunit(122): include('C:\\xampp\\htdocs\\OJT2\\backend\\vendor\\phpunit\\phpunit\\phpunit')
WARNING - 2026-03-10 01:59:00 --> [DEPRECATED] Passing lowercase HTTP method "patch" is deprecated. Use uppercase HTTP method like "PATCH". in SYSTEMPATH\Router\RouteCollection.php on line 1026.
 1 SYSTEMPATH\Router\RouteCollection.php(1026): trigger_error('Passing lowercase HTTP method "patch" is deprecated. Use uppercase HTTP method like "PATCH".', 16384)
 2 APPPATH\Config\Routes.php(82): CodeIgniter\Router\RouteCollection->match([...], '(:num)/extend-deadline', 'ResearchController::extendDeadline/$1', [...])
 3 SYSTEMPATH\Router\RouteCollection.php(799): CodeIgniter\Router\RouteCollection->{closure}(Object(CodeIgniter\Router\RouteCollection))
 4 APPPATH\Config\Routes.php(52): CodeIgniter\Router\RouteCollection->group('research', Object(Closure))
 5 SYSTEMPATH\Router\RouteCollection.php(339): require('C:\\xampp\\htdocs\\OJT2\\backend\\app\\Config\\Routes.php')
 6 SYSTEMPATH\Test\bootstrap.php(90): CodeIgniter\Router\RouteCollection->loadRoutes()
 7 VENDORPATH\phpunit\phpunit\src\TextUI\Application.php(337): include_once('C:\\xampp\\htdocs\\OJT2\\backend\\vendor\\codeigniter4\\framework\\system\\Test\\bootstrap.php')
 8 VENDORPATH\phpunit\phpunit\src\TextUI\Application.php(109): PHPUnit\TextUI\Application->loadBootstrapScript('C:\\xampp\\htdocs\\OJT2\\backend\\vendor/codeigniter4/framework/system/Test/bootstrap.php')
 9 VENDORPATH\phpunit\phpunit\phpunit(104): PHPUnit\TextUI\Application->run([...])
10 VENDORPATH\bin\phpunit(122): include('C:\\xampp\\htdocs\\OJT2\\backend\\vendor\\phpunit\\phpunit\\phpunit')
WARNING - 2026-03-10 01:59:00 --> [DEPRECATED] Passing lowercase HTTP method "post" is deprecated. Use uppercase HTTP method like "POST". in SYSTEMPATH\Router\RouteCollection.php on line 1026.
 1 SYSTEMPATH\Router\RouteCollection.php(1026): trigger_error('Passing lowercase HTTP method "post" is deprecated. Use uppercase HTTP method like "POST".', 16384)
 2 APPPATH\Config\Routes.php(82): CodeIgniter\Router\RouteCollection->match([...], '(:num)/extend-deadline', 'ResearchController::extendDeadline/$1', [...])
 3 SYSTEMPATH\Router\RouteCollection.php(799): CodeIgniter\Router\RouteCollection->{closure}(Object(CodeIgniter\Router\RouteCollection))
 4 APPPATH\Config\Routes.php(52): CodeIgniter\Router\RouteCollection->group('research', Object(Closure))
 5 SYSTEMPATH\Router\RouteCollection.php(339): require('C:\\xampp\\htdocs\\OJT2\\backend\\app\\Config\\Routes.php')
 6 SYSTEMPATH\Test\bootstrap.php(90): CodeIgniter\Router\RouteCollection->loadRoutes()
 7 VENDORPATH\phpunit\phpunit\src\TextUI\Application.php(337): include_once('C:\\xampp\\htdocs\\OJT2\\backend\\vendor\\codeigniter4\\framework\\system\\Test\\bootstrap.php')
 8 VENDORPATH\phpunit\phpunit\src\TextUI\Application.php(109): PHPUnit\TextUI\Application->loadBootstrapScript('C:\\xampp\\htdocs\\OJT2\\backend\\vendor/codeigniter4/framework/system/Test/bootstrap.php')
 9 VENDORPATH\phpunit\phpunit\phpunit(104): PHPUnit\TextUI\Application->run([...])
10 VENDORPATH\bin\phpunit(122): include('C:\\xampp\\htdocs\\OJT2\\backend\\vendor\\phpunit\\phpunit\\phpunit')
