ERROR - 2026-02-13 08:46:10 --> Skipped: File already exists for Golden Roots Issue  No. 01
ERROR - 2026-02-13 08:46:10 --> Skipped: File already exists for Golden Roots Issue  No. 02
ERROR - 2026-02-13 08:46:10 --> Skipped: File already exists for Golden Roots Issue  No. 04
ERROR - 2026-02-13 08:46:10 --> Skipped: File already exists for Golden Roots Issue  No. 05
ERROR - 2026-02-13 08:46:10 --> Skipped: File already exists for Golden Roots Issue  No. 06
ERROR - 2026-02-13 08:46:10 --> Skipped: File already exists for Golden Roots Issue No. 7
ERROR - 2026-02-13 08:46:10 --> Skipped: File already exists for Golden Roots Issue No. 8
ERROR - 2026-02-13 08:46:10 --> Skipped: File already exists for Golden Roots Issue No. 11
ERROR - 2026-02-13 08:46:10 --> Skipped: File already exists for Golden Roots Issue No. 12
ERROR - 2026-02-13 08:46:10 --> Skipped: File already exists for Golden Roots Issue No. 13A
ERROR - 2026-02-13 08:54:55 --> Attempting to move file to: C:\xampp\htdocs\OJT2\backend\public/uploads with name: 1770972895_14774a3650c929b5a46c.pdf
ERROR - 2026-02-13 08:54:55 --> File moved successfully.
ERROR - 2026-02-13 08:54:55 --> Attempting to move file to: C:\xampp\htdocs\OJT2\backend\public/uploads with name: 1770972895_f1c6eb92429b7de36ca1.pdf
ERROR - 2026-02-13 08:54:55 --> File moved successfully.
ERROR - 2026-02-13 08:54:55 --> Attempting to move file to: C:\xampp\htdocs\OJT2\backend\public/uploads with name: 1770972895_dacd4f05d659e83d8383.pdf
ERROR - 2026-02-13 08:54:55 --> File moved successfully.
ERROR - 2026-02-13 08:54:55 --> Attempting to move file to: C:\xampp\htdocs\OJT2\backend\public/uploads with name: 1770972895_46c17ddd8ce064a9675f.pdf
ERROR - 2026-02-13 08:54:55 --> File moved successfully.
ERROR - 2026-02-13 08:54:55 --> Attempting to move file to: C:\xampp\htdocs\OJT2\backend\public/uploads with name: 1770972895_f23c7cfb1ebcf3f3af86.pdf
ERROR - 2026-02-13 08:54:55 --> File moved successfully.
ERROR - 2026-02-13 08:54:55 --> Attempting to move file to: C:\xampp\htdocs\OJT2\backend\public/uploads with name: 1770972895_c32f1b4f6b0218a3f4d0.pdf
ERROR - 2026-02-13 08:54:55 --> File moved successfully.
ERROR - 2026-02-13 08:54:55 --> Attempting to move file to: C:\xampp\htdocs\OJT2\backend\public/uploads with name: 1770972895_db859861163006a6210c.pdf
ERROR - 2026-02-13 08:54:55 --> File moved successfully.
ERROR - 2026-02-13 08:54:55 --> Attempting to move file to: C:\xampp\htdocs\OJT2\backend\public/uploads with name: 1770972895_87822d0cd85ac585e196.pdf
ERROR - 2026-02-13 08:54:55 --> File moved successfully.
ERROR - 2026-02-13 08:54:55 --> Attempting to move file to: C:\xampp\htdocs\OJT2\backend\public/uploads with name: 1770972895_e15cc4a84f13199d8def.pdf
ERROR - 2026-02-13 08:54:55 --> File moved successfully.
ERROR - 2026-02-13 08:54:55 --> Attempting to move file to: C:\xampp\htdocs\OJT2\backend\public/uploads with name: 1770972895_d29dc5c1a2ed7346e0e8.pdf
ERROR - 2026-02-13 08:54:55 --> File moved successfully.
